2022.11.27 19:05:22 INFO  tracing is disabled for protocol LSP, to enable tracing of incoming and outgoing JSON messages create an empty file at /home/sourabhlodhisrb/Downloads/Real-Time ETL/Real-Time-ETL/.metals/lsp.trace.json or /home/sourabhlodhisrb/.cache/metals/lsp.trace.json
2022.11.27 19:05:22 INFO  logging to file /home/sourabhlodhisrb/Downloads/Real-Time ETL/Real-Time-ETL/.metals/metals.log
2022.11.27 19:05:22 INFO  Started: Metals version 0.11.9 in workspace '/home/sourabhlodhisrb/Downloads/Real-Time ETL/Real-Time-ETL' for client Visual Studio Code 1.73.1.
2022.11.27 19:05:25 INFO  time: initialize in 2.48s
2022.11.27 19:05:26 WARN  Build server is not auto-connectable.
2022.11.27 19:05:26 WARN  no build tool detected in workspace '/home/sourabhlodhisrb/Downloads/Real-Time ETL/Real-Time-ETL'. The most common cause for this problem is that the editor was opened in the wrong working directory, for example if you use sbt then the workspace directory should contain build.sbt. 
Nov 27, 2022 7:05:52 PM org.eclipse.lsp4j.jsonrpc.RemoteEndpoint handleNotification
WARNING: Notification threw an exception: {
  "jsonrpc": "2.0",
  "method": "metals/didFocusTextDocument",
  "params": [
    "untitled:Untitled-1"
  ]
}
java.lang.RuntimeException: java.lang.reflect.InvocationTargetException
	at org.eclipse.lsp4j.jsonrpc.services.GenericEndpoint.lambda$null$0(GenericEndpoint.java:67)
	at org.eclipse.lsp4j.jsonrpc.services.GenericEndpoint.notify(GenericEndpoint.java:152)
	at org.eclipse.lsp4j.jsonrpc.RemoteEndpoint.handleNotification(RemoteEndpoint.java:220)
	at org.eclipse.lsp4j.jsonrpc.RemoteEndpoint.consume(RemoteEndpoint.java:187)
	at org.eclipse.lsp4j.jsonrpc.json.StreamMessageProducer.handleMessage(StreamMessageProducer.java:194)
	at org.eclipse.lsp4j.jsonrpc.json.StreamMessageProducer.listen(StreamMessageProducer.java:94)
	at org.eclipse.lsp4j.jsonrpc.json.ConcurrentMessageProcessor.run(ConcurrentMessageProcessor.java:113)
	at java.base/java.util.concurrent.Executors$RunnableAdapter.call(Executors.java:515)
	at java.base/java.util.concurrent.FutureTask.run(FutureTask.java:264)
	at java.base/java.util.concurrent.ThreadPoolExecutor.runWorker(ThreadPoolExecutor.java:1128)
	at java.base/java.util.concurrent.ThreadPoolExecutor$Worker.run(ThreadPoolExecutor.java:628)
	at java.base/java.lang.Thread.run(Thread.java:829)
Caused by: java.lang.reflect.InvocationTargetException
	at java.base/jdk.internal.reflect.NativeMethodAccessorImpl.invoke0(Native Method)
	at java.base/jdk.internal.reflect.NativeMethodAccessorImpl.invoke(NativeMethodAccessorImpl.java:62)
	at java.base/jdk.internal.reflect.DelegatingMethodAccessorImpl.invoke(DelegatingMethodAccessorImpl.java:43)
	at java.base/java.lang.reflect.Method.invoke(Method.java:566)
	at org.eclipse.lsp4j.jsonrpc.services.GenericEndpoint.lambda$null$0(GenericEndpoint.java:65)
	... 11 more
Caused by: java.nio.file.FileSystemNotFoundException: Provider "untitled" not installed
	at java.base/java.nio.file.Path.of(Path.java:212)
	at java.base/java.nio.file.Paths.get(Paths.java:97)
	at scala.meta.internal.mtags.MtagsEnrichments$XtensionURIMtags.toAbsolutePath(MtagsEnrichments.scala:117)
	at scala.meta.internal.mtags.MtagsEnrichments$XtensionStringMtags.toAbsolutePath(MtagsEnrichments.scala:143)
	at scala.meta.internal.metals.MetalsEnrichments$XtensionString.toAbsolutePath(MetalsEnrichments.scala:609)
	at scala.meta.internal.metals.MetalsEnrichments$XtensionString.toAbsolutePath(MetalsEnrichments.scala:606)
	at scala.meta.internal.metals.MetalsLanguageServer.didFocus(MetalsLanguageServer.scala:1169)
	... 16 more

2022.11.27 19:09:35 INFO  shutting down Metals
2022.11.27 19:09:41 INFO  tracing is disabled for protocol LSP, to enable tracing of incoming and outgoing JSON messages create an empty file at /home/sourabhlodhisrb/Downloads/Real-Time ETL/Real-Time-ETL/.metals/lsp.trace.json or /home/sourabhlodhisrb/.cache/metals/lsp.trace.json
2022.11.27 19:09:41 INFO  logging to file /home/sourabhlodhisrb/Downloads/Real-Time ETL/Real-Time-ETL/.metals/metals.log
2022.11.27 19:09:41 INFO  Started: Metals version 0.11.9 in workspace '/home/sourabhlodhisrb/Downloads/Real-Time ETL/Real-Time-ETL' for client Visual Studio Code 1.73.1.
2022.11.27 19:09:42 INFO  time: initialize in 0.98s
2022.11.27 19:09:43 WARN  Build server is not auto-connectable.
2022.11.27 19:09:43 WARN  no build tool detected in workspace '/home/sourabhlodhisrb/Downloads/Real-Time ETL/Real-Time-ETL'. The most common cause for this problem is that the editor was opened in the wrong working directory, for example if you use sbt then the workspace directory should contain build.sbt. 
2022.11.27 20:05:42 INFO  shutting down Metals
2022.11.28 15:03:57 INFO  tracing is disabled for protocol LSP, to enable tracing of incoming and outgoing JSON messages create an empty file at /home/sourabhlodhisrb/Downloads/Real-Time ETL/Real-Time-ETL/.metals/lsp.trace.json or /home/sourabhlodhisrb/.cache/metals/lsp.trace.json
2022.11.28 15:03:58 INFO  logging to file /home/sourabhlodhisrb/Downloads/Real-Time ETL/Real-Time-ETL/.metals/metals.log
2022.11.28 15:03:58 INFO  Started: Metals version 0.11.9 in workspace '/home/sourabhlodhisrb/Downloads/Real-Time ETL/Real-Time-ETL' for client Visual Studio Code 1.73.1.
2022.11.28 15:03:59 INFO  time: initialize in 1.27s
2022.11.28 15:04:01 WARN  Build server is not auto-connectable.
2022.11.28 15:04:01 WARN  no build tool detected in workspace '/home/sourabhlodhisrb/Downloads/Real-Time ETL/Real-Time-ETL'. The most common cause for this problem is that the editor was opened in the wrong working directory, for example if you use sbt then the workspace directory should contain build.sbt. 
Nov 28, 2022 3:39:06 PM org.eclipse.lsp4j.jsonrpc.services.GenericEndpoint notify
INFO: Unsupported notification method: $/setTrace
Nov 28, 2022 3:45:55 PM org.eclipse.lsp4j.jsonrpc.services.GenericEndpoint notify
INFO: Unsupported notification method: $/setTrace
2022.11.29 00:53:46 INFO  tracing is disabled for protocol LSP, to enable tracing of incoming and outgoing JSON messages create an empty file at /home/sourabhlodhisrb/Downloads/Real-Time ETL/Real-Time-ETL/.metals/lsp.trace.json or /home/sourabhlodhisrb/.cache/metals/lsp.trace.json
2022.11.29 00:53:47 INFO  logging to file /home/sourabhlodhisrb/Downloads/Real-Time ETL/Real-Time-ETL/.metals/metals.log
2022.11.29 00:53:47 INFO  Started: Metals version 0.11.9 in workspace '/home/sourabhlodhisrb/Downloads/Real-Time ETL/Real-Time-ETL' for client Visual Studio Code 1.73.1.
2022.11.29 00:53:51 INFO  time: initialize in 4.36s
2022.11.29 00:53:53 WARN  Build server is not auto-connectable.
2022.11.29 00:53:53 WARN  no build tool detected in workspace '/home/sourabhlodhisrb/Downloads/Real-Time ETL/Real-Time-ETL'. The most common cause for this problem is that the editor was opened in the wrong working directory, for example if you use sbt then the workspace directory should contain build.sbt. 
2022.11.29 00:53:53 WARN  no build target for: /home/sourabhlodhisrb/Downloads/Real-Time ETL/Real-Time-ETL/spark_snowflake_conn.scala
2022.11.29 00:54:02 INFO  no build target found for /home/sourabhlodhisrb/Downloads/Real-Time ETL/Real-Time-ETL/spark_snowflake_conn.scala. Using presentation compiler with project's scala-library version: 3.2.0
2022.11.29 00:54:04 INFO  time: code lens generation in 10s
Nov 29, 2022 1:51:22 AM org.eclipse.lsp4j.jsonrpc.RemoteEndpoint handleCancellation
WARNING: Unmatched cancel notification for request id 355
2022.11.29 16:33:12 INFO  tracing is disabled for protocol LSP, to enable tracing of incoming and outgoing JSON messages create an empty file at /home/sourabhlodhisrb/Downloads/Real-Time ETL/Real-Time-ETL/.metals/lsp.trace.json or /home/sourabhlodhisrb/.cache/metals/lsp.trace.json
2022.11.29 16:33:12 INFO  logging to file /home/sourabhlodhisrb/Downloads/Real-Time ETL/Real-Time-ETL/.metals/metals.log
2022.11.29 16:33:12 INFO  Started: Metals version 0.11.9 in workspace '/home/sourabhlodhisrb/Downloads/Real-Time ETL/Real-Time-ETL' for client Visual Studio Code 1.73.1.
2022.11.29 16:33:17 INFO  time: initialize in 4.6s
2022.11.29 16:33:18 WARN  Build server is not auto-connectable.
2022.11.29 16:33:18 WARN  no build tool detected in workspace '/home/sourabhlodhisrb/Downloads/Real-Time ETL/Real-Time-ETL'. The most common cause for this problem is that the editor was opened in the wrong working directory, for example if you use sbt then the workspace directory should contain build.sbt. 
2022.11.29 16:33:18 WARN  no build target for: /home/sourabhlodhisrb/Downloads/Real-Time ETL/Real-Time-ETL/spark_snowflake_conn.scala
2022.11.29 16:33:21 INFO  no build target found for /home/sourabhlodhisrb/Downloads/Real-Time ETL/Real-Time-ETL/spark_snowflake_conn.scala. Using presentation compiler with project's scala-library version: 3.2.0
2022.11.29 16:33:22 INFO  time: code lens generation in 3.28s
Nov 29, 2022 4:35:40 PM org.eclipse.lsp4j.jsonrpc.RemoteEndpoint handleCancellation
WARNING: Unmatched cancel notification for request id 42
2022.11.29 18:06:35 INFO  tracing is disabled for protocol LSP, to enable tracing of incoming and outgoing JSON messages create an empty file at /home/sourabhlodhisrb/Downloads/Real-Time ETL/Real-Time-ETL/.metals/lsp.trace.json or /home/sourabhlodhisrb/.cache/metals/lsp.trace.json
2022.11.29 18:06:35 INFO  logging to file /home/sourabhlodhisrb/Downloads/Real-Time ETL/Real-Time-ETL/.metals/metals.log
2022.11.29 18:06:35 INFO  Started: Metals version 0.11.9 in workspace '/home/sourabhlodhisrb/Downloads/Real-Time ETL/Real-Time-ETL' for client Visual Studio Code 1.73.1.
2022.11.29 18:06:40 INFO  time: initialize in 4.57s
2022.11.29 18:06:41 WARN  Build server is not auto-connectable.
2022.11.29 18:06:41 WARN  no build tool detected in workspace '/home/sourabhlodhisrb/Downloads/Real-Time ETL/Real-Time-ETL'. The most common cause for this problem is that the editor was opened in the wrong working directory, for example if you use sbt then the workspace directory should contain build.sbt. 
2022.11.29 18:06:41 WARN  no build target for: /home/sourabhlodhisrb/Downloads/Real-Time ETL/Real-Time-ETL/spark_snowflake_conn.scala
2022.11.29 18:06:44 INFO  no build target found for /home/sourabhlodhisrb/Downloads/Real-Time ETL/Real-Time-ETL/spark_snowflake_conn.scala. Using presentation compiler with project's scala-library version: 3.2.0
2022.11.29 18:06:45 INFO  time: code lens generation in 3.18s
2022.11.29 19:41:07 WARN  no build target for: /home/sourabhlodhisrb/Downloads/Real-Time ETL/Real-Time-ETL/spark_snowflake_conn.scala
2022.11.29 19:41:14 WARN  no build target for: /home/sourabhlodhisrb/Downloads/Real-Time ETL/Real-Time-ETL/spark_snowflake_conn.scala
Nov 29, 2022 7:41:14 PM org.eclipse.lsp4j.jsonrpc.RemoteEndpoint fallbackResponseError
SEVERE: Internal error: scala.meta.internal.metals.debug.BuildTargetNotFoundForPathException: No build target could be found for the path: /home/sourabhlodhisrb/Downloads/Real-Time ETL/Real-Time-ETL/spark_snowflake_conn.scala
java.util.concurrent.CompletionException: scala.meta.internal.metals.debug.BuildTargetNotFoundForPathException: No build target could be found for the path: /home/sourabhlodhisrb/Downloads/Real-Time ETL/Real-Time-ETL/spark_snowflake_conn.scala
	at java.base/java.util.concurrent.CompletableFuture.encodeThrowable(CompletableFuture.java:331)
	at java.base/java.util.concurrent.CompletableFuture.uniAcceptNow(CompletableFuture.java:743)
	at java.base/java.util.concurrent.CompletableFuture.uniAcceptStage(CompletableFuture.java:731)
	at java.base/java.util.concurrent.CompletableFuture.thenAcceptAsync(CompletableFuture.java:2112)
	at scala.concurrent.java8.FuturesConvertersImpl$CF.thenAccept(FutureConvertersImpl.scala:37)
	at org.eclipse.lsp4j.jsonrpc.RemoteEndpoint.handleRequest(RemoteEndpoint.java:279)
	at org.eclipse.lsp4j.jsonrpc.RemoteEndpoint.consume(RemoteEndpoint.java:190)
	at org.eclipse.lsp4j.jsonrpc.json.StreamMessageProducer.handleMessage(StreamMessageProducer.java:194)
	at org.eclipse.lsp4j.jsonrpc.json.StreamMessageProducer.listen(StreamMessageProducer.java:94)
	at org.eclipse.lsp4j.jsonrpc.json.ConcurrentMessageProcessor.run(ConcurrentMessageProcessor.java:113)
	at java.base/java.util.concurrent.Executors$RunnableAdapter.call(Executors.java:515)
	at java.base/java.util.concurrent.FutureTask.run(FutureTask.java:264)
	at java.base/java.util.concurrent.ThreadPoolExecutor.runWorker(ThreadPoolExecutor.java:1128)
	at java.base/java.util.concurrent.ThreadPoolExecutor$Worker.run(ThreadPoolExecutor.java:628)
	at java.base/java.lang.Thread.run(Thread.java:829)
Caused by: scala.meta.internal.metals.debug.BuildTargetNotFoundForPathException: No build target could be found for the path: /home/sourabhlodhisrb/Downloads/Real-Time ETL/Real-Time-ETL/spark_snowflake_conn.scala
	at scala.meta.internal.metals.debug.DebugProvider.debugDiscovery(DebugProvider.scala:412)
	at scala.meta.internal.metals.MetalsLanguageServer.executeCommand(MetalsLanguageServer.scala:1963)
	at java.base/jdk.internal.reflect.NativeMethodAccessorImpl.invoke0(Native Method)
	at java.base/jdk.internal.reflect.NativeMethodAccessorImpl.invoke(NativeMethodAccessorImpl.java:62)
	at java.base/jdk.internal.reflect.DelegatingMethodAccessorImpl.invoke(DelegatingMethodAccessorImpl.java:43)
	at java.base/java.lang.reflect.Method.invoke(Method.java:566)
	at org.eclipse.lsp4j.jsonrpc.services.GenericEndpoint.lambda$null$0(GenericEndpoint.java:65)
	at org.eclipse.lsp4j.jsonrpc.services.GenericEndpoint.request(GenericEndpoint.java:120)
	at org.eclipse.lsp4j.jsonrpc.RemoteEndpoint.handleRequest(RemoteEndpoint.java:261)
	... 9 more

2022.11.30 01:49:07 INFO  tracing is disabled for protocol LSP, to enable tracing of incoming and outgoing JSON messages create an empty file at /home/sourabhlodhisrb/Downloads/Real-Time ETL/Real-Time-ETL/.metals/lsp.trace.json or /home/sourabhlodhisrb/.cache/metals/lsp.trace.json
2022.11.30 01:49:08 INFO  logging to file /home/sourabhlodhisrb/Downloads/Real-Time ETL/Real-Time-ETL/.metals/metals.log
2022.11.30 01:49:08 INFO  Started: Metals version 0.11.9 in workspace '/home/sourabhlodhisrb/Downloads/Real-Time ETL/Real-Time-ETL' for client Visual Studio Code 1.73.1.
2022.11.30 01:49:12 INFO  time: initialize in 4.3s
2022.11.30 01:49:14 WARN  Build server is not auto-connectable.
2022.11.30 01:49:14 WARN  no build tool detected in workspace '/home/sourabhlodhisrb/Downloads/Real-Time ETL/Real-Time-ETL'. The most common cause for this problem is that the editor was opened in the wrong working directory, for example if you use sbt then the workspace directory should contain build.sbt. 
2022.11.30 01:49:14 WARN  no build target for: /home/sourabhlodhisrb/Downloads/Real-Time ETL/Real-Time-ETL/spark_snowflake_conn.scala
2022.11.30 01:49:17 INFO  no build target found for /home/sourabhlodhisrb/Downloads/Real-Time ETL/Real-Time-ETL/spark_snowflake_conn.scala. Using presentation compiler with project's scala-library version: 3.2.0
2022.11.30 01:49:19 INFO  time: code lens generation in 4.53s
Exception in thread "pool-3-thread-1" java.lang.InterruptedException
	at scala.meta.internal.metals.FutureCancelToken.checkCanceled(FutureCancelToken.scala:29)
	at scala.meta.internal.pc.CompilerAccess.onCompilerJobQueue$$anonfun$1(CompilerAccess.scala:195)
	at scala.meta.internal.pc.CompilerJobQueue$Job.run(CompilerJobQueue.scala:152)
	at java.base/java.util.concurrent.ThreadPoolExecutor.runWorker(ThreadPoolExecutor.java:1128)
	at java.base/java.util.concurrent.ThreadPoolExecutor$Worker.run(ThreadPoolExecutor.java:628)
	at java.base/java.lang.Thread.run(Thread.java:829)
2022.11.30 17:03:10 INFO  tracing is disabled for protocol LSP, to enable tracing of incoming and outgoing JSON messages create an empty file at /home/sourabhlodhisrb/Downloads/Real-Time ETL/Real-Time-ETL/.metals/lsp.trace.json or /home/sourabhlodhisrb/.cache/metals/lsp.trace.json
2022.11.30 17:03:11 INFO  logging to file /home/sourabhlodhisrb/Downloads/Real-Time ETL/Real-Time-ETL/.metals/metals.log
2022.11.30 17:03:11 INFO  Started: Metals version 0.11.9 in workspace '/home/sourabhlodhisrb/Downloads/Real-Time ETL/Real-Time-ETL' for client Visual Studio Code 1.73.1.
2022.11.30 17:03:15 INFO  time: initialize in 4.57s
2022.11.30 17:03:17 WARN  Build server is not auto-connectable.
2022.11.30 17:03:17 WARN  no build tool detected in workspace '/home/sourabhlodhisrb/Downloads/Real-Time ETL/Real-Time-ETL'. The most common cause for this problem is that the editor was opened in the wrong working directory, for example if you use sbt then the workspace directory should contain build.sbt. 
2022.11.30 17:03:17 WARN  no build target for: /home/sourabhlodhisrb/Downloads/Real-Time ETL/Real-Time-ETL/spark_snowflake_conn.scala
2022.11.30 17:03:19 INFO  no build target found for /home/sourabhlodhisrb/Downloads/Real-Time ETL/Real-Time-ETL/spark_snowflake_conn.scala. Using presentation compiler with project's scala-library version: 3.2.0
2022.11.30 17:03:20 INFO  time: code lens generation in 1.34s
2022.11.30 17:03:20 INFO  time: code lens generation in 3.37s
Nov 30, 2022 5:03:51 PM org.eclipse.lsp4j.jsonrpc.services.GenericEndpoint notify
INFO: Unsupported notification method: $/setTrace
2022.11.30 17:09:06 WARN  no build target for: /home/sourabhlodhisrb/Downloads/Real-Time ETL/Real-Time-ETL/spark_snowflake_conn.scala
2022.11.30 17:19:27 INFO  
2022.11.30 17:19:27 INFO  Template applied in /home/sourabhlodhisrb/Downloads/./hello-world
2022.11.30 17:19:27 INFO  
2022.11.30 17:19:27 INFO  time: ran 'giter8.Giter8' in 5.75s
